app/build/intermediates/manifest_merge_blame_file/release/processReleaseMainManifest/manifest-merger-blame-release-report.txt
1<?xml version="1.0" encoding="utf-8"?>
2<manifest xmlns:android="http://schemas.android.com/apk/res/android"
3    package="com.ereader.ripcardmaker"
4    android:versionCode="12"
5    android:versionName="1.0.12" >
6
7    <uses-sdk
8        android:minSdkVersion="21"
9        android:targetSdkVersion="35" />
10
11    <uses-permission android:name="android.permission.INTERNET" />
11-->src\main\AndroidManifest.xml:5:5-67
11-->src\main\AndroidManifest.xml:5:22-64
12    <uses-permission android:name="android.permission.ACCESS_NETWORK_STATE" />
12-->src\main\AndroidManifest.xml:6:5-79
12-->src\main\AndroidManifest.xml:6:22-76
13    <!-- Storage permissions for different Android versions -->
14    <uses-permission
14-->src\main\AndroidManifest.xml:8:5-9:38
15        android:name="android.permission.READ_EXTERNAL_STORAGE"
15-->src\main\AndroidManifest.xml:8:22-77
16        android:maxSdkVersion="32" />
16-->src\main\AndroidManifest.xml:9:9-35
17    <uses-permission
17-->src\main\AndroidManifest.xml:10:5-12:40
18        android:name="android.permission.WRITE_EXTERNAL_STORAGE"
18-->src\main\AndroidManifest.xml:10:22-78
19        android:maxSdkVersion="32" />
19-->src\main\AndroidManifest.xml:11:9-35
20
21    <!-- For Android 13+ (API 33+) -->
22    <uses-permission android:name="android.permission.READ_MEDIA_IMAGES" />
22-->src\main\AndroidManifest.xml:15:5-76
22-->src\main\AndroidManifest.xml:15:22-73
23    <uses-permission android:name="android.permission.READ_MEDIA_VIDEO" />
23-->src\main\AndroidManifest.xml:16:5-75
23-->src\main\AndroidManifest.xml:16:22-72
24
25    <!-- For photo picker -->
26    <uses-permission android:name="android.permission.CAMERA" />
26-->src\main\AndroidManifest.xml:19:5-65
26-->src\main\AndroidManifest.xml:19:22-62
27    <uses-permission android:name="android.permission.WAKE_LOCK" />
27-->src\main\AndroidManifest.xml:20:5-21:46
27-->src\main\AndroidManifest.xml:20:22-65
28    <uses-permission android:name="android.permission.POST_NOTIFICATIONS" />
28-->src\main\AndroidManifest.xml:22:5-77
28-->src\main\AndroidManifest.xml:22:22-74
29    <uses-permission android:name="android.permission.VIBRATE" />
29-->src\main\AndroidManifest.xml:23:5-66
29-->src\main\AndroidManifest.xml:23:22-63
30    <uses-permission android:name="com.google.android.gms.permission.AD_ID" />
30-->[com.google.android.gms:play-services-ads-lite:23.3.0] AndroidManifest.xml:26:5-79
30-->[com.google.android.gms:play-services-ads-lite:23.3.0] AndroidManifest.xml:26:22-76
31    <uses-permission android:name="android.permission.ACCESS_ADSERVICES_AD_ID" />
31-->[com.google.android.gms:play-services-ads-lite:23.3.0] AndroidManifest.xml:27:5-82
31-->[com.google.android.gms:play-services-ads-lite:23.3.0] AndroidManifest.xml:27:22-79
32    <uses-permission android:name="android.permission.ACCESS_ADSERVICES_ATTRIBUTION" />
32-->[com.google.android.gms:play-services-ads-lite:23.3.0] AndroidManifest.xml:28:5-88
32-->[com.google.android.gms:play-services-ads-lite:23.3.0] AndroidManifest.xml:28:22-85
33    <uses-permission android:name="android.permission.ACCESS_ADSERVICES_TOPICS" /> <!-- Android package visibility setting -->
33-->[com.google.android.gms:play-services-ads-lite:23.3.0] AndroidManifest.xml:29:5-83
33-->[com.google.android.gms:play-services-ads-lite:23.3.0] AndroidManifest.xml:29:22-80
34    <queries>
34-->[com.google.android.gms:play-services-ads-lite:23.3.0] AndroidManifest.xml:35:5-51:15
35
36        <!-- For browser content -->
37        <intent>
37-->[com.google.android.gms:play-services-ads-lite:23.3.0] AndroidManifest.xml:38:9-44:18
38            <action android:name="android.intent.action.VIEW" />
38-->[com.google.android.gms:play-services-ads-lite:23.3.0] AndroidManifest.xml:39:13-65
38-->[com.google.android.gms:play-services-ads-lite:23.3.0] AndroidManifest.xml:39:21-62
39
40            <category android:name="android.intent.category.BROWSABLE" />
40-->[com.google.android.gms:play-services-ads-lite:23.3.0] AndroidManifest.xml:41:13-74
40-->[com.google.android.gms:play-services-ads-lite:23.3.0] AndroidManifest.xml:41:23-71
41
42            <data android:scheme="https" />
42-->[com.google.android.gms:play-services-ads-lite:23.3.0] AndroidManifest.xml:43:13-44
42-->[com.google.android.gms:play-services-ads-lite:23.3.0] AndroidManifest.xml:43:19-41
43        </intent>
44        <!-- End of browser content -->
45        <!-- For CustomTabsService -->
46        <intent>
46-->[com.google.android.gms:play-services-ads-lite:23.3.0] AndroidManifest.xml:47:9-49:18
47            <action android:name="android.support.customtabs.action.CustomTabsService" />
47-->[com.google.android.gms:play-services-ads-lite:23.3.0] AndroidManifest.xml:48:13-90
47-->[com.google.android.gms:play-services-ads-lite:23.3.0] AndroidManifest.xml:48:21-87
48        </intent>
49        <!-- End of CustomTabsService -->
50    </queries>
51
52    <uses-permission android:name="android.permission.FOREGROUND_SERVICE" />
52-->[androidx.work:work-runtime:2.7.0] AndroidManifest.xml:28:5-77
52-->[androidx.work:work-runtime:2.7.0] AndroidManifest.xml:28:22-74
53
54    <permission
54-->[androidx.core:core:1.15.0] AndroidManifest.xml:22:5-24:47
55        android:name="com.ereader.ripcardmaker.DYNAMIC_RECEIVER_NOT_EXPORTED_PERMISSION"
55-->[androidx.core:core:1.15.0] AndroidManifest.xml:23:9-81
56        android:protectionLevel="signature" />
56-->[androidx.core:core:1.15.0] AndroidManifest.xml:24:9-44
57
58    <uses-permission android:name="com.ereader.ripcardmaker.DYNAMIC_RECEIVER_NOT_EXPORTED_PERMISSION" />
58-->[androidx.core:core:1.15.0] AndroidManifest.xml:26:5-97
58-->[androidx.core:core:1.15.0] AndroidManifest.xml:26:22-94
59
60    <application
60-->src\main\AndroidManifest.xml:25:5-72:19
61        android:name="com.ereader.ripcardmaker.MyApplication"
61-->src\main\AndroidManifest.xml:26:9-62
62        android:allowBackup="true"
62-->src\main\AndroidManifest.xml:27:9-35
63        android:appComponentFactory="androidx.core.app.CoreComponentFactory"
63-->[androidx.core:core:1.15.0] AndroidManifest.xml:28:18-86
64        android:extractNativeLibs="true"
65        android:icon="@mipmap/ic_launcher"
65-->src\main\AndroidManifest.xml:28:9-43
66        android:label="@string/app_name"
66-->src\main\AndroidManifest.xml:29:9-41
67        android:preserveLegacyExternalStorage="true"
67-->src\main\AndroidManifest.xml:31:9-53
68        android:requestLegacyExternalStorage="true"
68-->src\main\AndroidManifest.xml:30:9-52
69        android:supportsRtl="true"
69-->src\main\AndroidManifest.xml:32:9-35
70        android:theme="@style/Theme.DeathCardMakerRIP"
70-->src\main\AndroidManifest.xml:33:9-55
71        android:usesCleartextTraffic="true" >
71-->src\main\AndroidManifest.xml:34:9-44
72        <activity
72-->src\main\AndroidManifest.xml:36:9-43:20
73            android:name="com.ereader.ripcardmaker.Splash_Activity"
73-->src\main\AndroidManifest.xml:37:13-68
74            android:exported="true" >
74-->src\main\AndroidManifest.xml:38:13-36
75            <intent-filter>
75-->src\main\AndroidManifest.xml:39:13-42:29
76                <action android:name="android.intent.action.MAIN" />
76-->src\main\AndroidManifest.xml:40:17-69
76-->src\main\AndroidManifest.xml:40:25-66
77
78                <category android:name="android.intent.category.LAUNCHER" />
78-->src\main\AndroidManifest.xml:41:17-77
78-->src\main\AndroidManifest.xml:41:27-74
79            </intent-filter>
80        </activity>
81        <activity android:name="com.ereader.ripcardmaker.Save_Image_Activity" />
81-->src\main\AndroidManifest.xml:46:9-57
81-->src\main\AndroidManifest.xml:46:19-54
82        <activity android:name="com.ereader.ripcardmaker.Main_Activity" />
82-->src\main\AndroidManifest.xml:47:9-51
82-->src\main\AndroidManifest.xml:47:19-48
83        <activity android:name="com.ereader.ripcardmaker.Activities.Gujrati_MainActivity" />
83-->src\main\AndroidManifest.xml:48:9-69
83-->src\main\AndroidManifest.xml:48:19-66
84        <activity android:name="com.ereader.ripcardmaker.Activities.Hindi_MainActivity" />
84-->src\main\AndroidManifest.xml:49:9-67
84-->src\main\AndroidManifest.xml:49:19-64
85        <activity android:name="com.ereader.ripcardmaker.Activities.English_MainActivity" />
85-->src\main\AndroidManifest.xml:50:9-69
85-->src\main\AndroidManifest.xml:50:19-66
86        <activity android:name="com.ereader.ripcardmaker.Activities.Marathi_MainActivity" />
86-->src\main\AndroidManifest.xml:51:9-69
86-->src\main\AndroidManifest.xml:51:19-66
87        <activity android:name="com.ereader.ripcardmaker.Activities.Telugu_MainActivity" />
87-->src\main\AndroidManifest.xml:52:9-68
87-->src\main\AndroidManifest.xml:52:19-65
88        <activity android:name="com.ereader.ripcardmaker.Activities.AppMainActivity" />
88-->src\main\AndroidManifest.xml:53:9-64
88-->src\main\AndroidManifest.xml:53:19-61
89
90        <!-- AdMob App ID -->
91        <meta-data
91-->src\main\AndroidManifest.xml:57:9-59:52
92            android:name="com.google.android.gms.ads.APPLICATION_ID"
92-->src\main\AndroidManifest.xml:58:13-69
93            android:value="@string/admob_app_id" />
93-->src\main\AndroidManifest.xml:59:13-49
94
95        <provider
96            android:name="androidx.core.content.FileProvider"
96-->src\main\AndroidManifest.xml:62:13-62
97            android:authorities="com.ereader.ripcardmaker.provider"
97-->src\main\AndroidManifest.xml:63:13-60
98            android:exported="false"
98-->src\main\AndroidManifest.xml:64:13-37
99            android:grantUriPermissions="true" >
99-->src\main\AndroidManifest.xml:65:13-47
100            <meta-data
100-->src\main\AndroidManifest.xml:66:13-68:58
101                android:name="android.support.FILE_PROVIDER_PATHS"
101-->src\main\AndroidManifest.xml:67:17-67
102                android:resource="@xml/provider_paths" />
102-->src\main\AndroidManifest.xml:68:17-55
103        </provider>
104
105        <!-- Include the AdActivity and InAppPurchaseActivity configChanges and themes. -->
106        <activity
106-->[com.google.android.gms:play-services-ads-lite:23.3.0] AndroidManifest.xml:56:9-61:43
107            android:name="com.google.android.gms.ads.AdActivity"
107-->[com.google.android.gms:play-services-ads-lite:23.3.0] AndroidManifest.xml:57:13-65
108            android:configChanges="keyboard|keyboardHidden|orientation|screenLayout|uiMode|screenSize|smallestScreenSize"
108-->[com.google.android.gms:play-services-ads-lite:23.3.0] AndroidManifest.xml:58:13-122
109            android:exported="false"
109-->[com.google.android.gms:play-services-ads-lite:23.3.0] AndroidManifest.xml:59:13-37
110            android:theme="@android:style/Theme.Translucent" />
110-->[com.google.android.gms:play-services-ads-lite:23.3.0] AndroidManifest.xml:60:13-61
111
112        <provider
112-->[com.google.android.gms:play-services-ads-lite:23.3.0] AndroidManifest.xml:63:9-68:43
113            android:name="com.google.android.gms.ads.MobileAdsInitProvider"
113-->[com.google.android.gms:play-services-ads-lite:23.3.0] AndroidManifest.xml:64:13-76
114            android:authorities="com.ereader.ripcardmaker.mobileadsinitprovider"
114-->[com.google.android.gms:play-services-ads-lite:23.3.0] AndroidManifest.xml:65:13-73
115            android:exported="false"
115-->[com.google.android.gms:play-services-ads-lite:23.3.0] AndroidManifest.xml:66:13-37
116            android:initOrder="100" />
116-->[com.google.android.gms:play-services-ads-lite:23.3.0] AndroidManifest.xml:67:13-36
117
118        <service
118-->[com.google.android.gms:play-services-ads-lite:23.3.0] AndroidManifest.xml:70:9-74:43
119            android:name="com.google.android.gms.ads.AdService"
119-->[com.google.android.gms:play-services-ads-lite:23.3.0] AndroidManifest.xml:71:13-64
120            android:enabled="true"
120-->[com.google.android.gms:play-services-ads-lite:23.3.0] AndroidManifest.xml:72:13-35
121            android:exported="false" />
121-->[com.google.android.gms:play-services-ads-lite:23.3.0] AndroidManifest.xml:73:13-37
122
123        <activity
123-->[com.google.android.gms:play-services-ads-lite:23.3.0] AndroidManifest.xml:76:9-80:43
124            android:name="com.google.android.gms.ads.OutOfContextTestingActivity"
124-->[com.google.android.gms:play-services-ads-lite:23.3.0] AndroidManifest.xml:77:13-82
125            android:configChanges="keyboard|keyboardHidden|orientation|screenLayout|uiMode|screenSize|smallestScreenSize"
125-->[com.google.android.gms:play-services-ads-lite:23.3.0] AndroidManifest.xml:78:13-122
126            android:exported="false" />
126-->[com.google.android.gms:play-services-ads-lite:23.3.0] AndroidManifest.xml:79:13-37
127        <activity
127-->[com.google.android.gms:play-services-ads-lite:23.3.0] AndroidManifest.xml:81:9-88:43
128            android:name="com.google.android.gms.ads.NotificationHandlerActivity"
128-->[com.google.android.gms:play-services-ads-lite:23.3.0] AndroidManifest.xml:82:13-82
129            android:excludeFromRecents="true"
129-->[com.google.android.gms:play-services-ads-lite:23.3.0] AndroidManifest.xml:83:13-46
130            android:exported="false"
130-->[com.google.android.gms:play-services-ads-lite:23.3.0] AndroidManifest.xml:84:13-37
131            android:launchMode="singleTask"
131-->[com.google.android.gms:play-services-ads-lite:23.3.0] AndroidManifest.xml:85:13-44
132            android:taskAffinity=""
132-->[com.google.android.gms:play-services-ads-lite:23.3.0] AndroidManifest.xml:86:13-36
133            android:theme="@android:style/Theme.Translucent.NoTitleBar" />
133-->[com.google.android.gms:play-services-ads-lite:23.3.0] AndroidManifest.xml:87:13-72
134
135        <property
135-->[com.google.android.gms:play-services-ads-lite:23.3.0] AndroidManifest.xml:90:9-92:62
136            android:name="android.adservices.AD_SERVICES_CONFIG"
136-->[com.google.android.gms:play-services-ads-lite:23.3.0] AndroidManifest.xml:91:13-65
137            android:resource="@xml/gma_ad_services_config" />
137-->[com.google.android.gms:play-services-ads-lite:23.3.0] AndroidManifest.xml:92:13-59
138
139        <activity
139-->[com.google.android.gms:play-services-base:18.0.0] AndroidManifest.xml:20:9-22:45
140            android:name="com.google.android.gms.common.api.GoogleApiActivity"
140-->[com.google.android.gms:play-services-base:18.0.0] AndroidManifest.xml:20:19-85
141            android:exported="false"
141-->[com.google.android.gms:play-services-base:18.0.0] AndroidManifest.xml:22:19-43
142            android:theme="@android:style/Theme.Translucent.NoTitleBar" />
142-->[com.google.android.gms:play-services-base:18.0.0] AndroidManifest.xml:21:19-78
143
144        <meta-data
144-->[com.google.android.gms:play-services-basement:18.4.0] AndroidManifest.xml:6:9-122
145            android:name="com.google.android.gms.version"
145-->[com.google.android.gms:play-services-basement:18.4.0] AndroidManifest.xml:6:20-65
146            android:value="@integer/google_play_services_version" />
146-->[com.google.android.gms:play-services-basement:18.4.0] AndroidManifest.xml:6:66-119
147
148        <provider
148-->[androidx.emoji2:emoji2:1.3.0] AndroidManifest.xml:24:9-32:20
149            android:name="androidx.startup.InitializationProvider"
149-->[androidx.emoji2:emoji2:1.3.0] AndroidManifest.xml:25:13-67
150            android:authorities="com.ereader.ripcardmaker.androidx-startup"
150-->[androidx.emoji2:emoji2:1.3.0] AndroidManifest.xml:26:13-68
151            android:exported="false" >
151-->[androidx.emoji2:emoji2:1.3.0] AndroidManifest.xml:27:13-37
152            <meta-data
152-->[androidx.emoji2:emoji2:1.3.0] AndroidManifest.xml:29:13-31:52
153                android:name="androidx.emoji2.text.EmojiCompatInitializer"
153-->[androidx.emoji2:emoji2:1.3.0] AndroidManifest.xml:30:17-75
154                android:value="androidx.startup" />
154-->[androidx.emoji2:emoji2:1.3.0] AndroidManifest.xml:31:17-49
155            <meta-data
155-->[androidx.work:work-runtime:2.7.0] AndroidManifest.xml:36:13-38:52
156                android:name="androidx.work.WorkManagerInitializer"
156-->[androidx.work:work-runtime:2.7.0] AndroidManifest.xml:37:17-68
157                android:value="androidx.startup" />
157-->[androidx.work:work-runtime:2.7.0] AndroidManifest.xml:38:17-49
158            <meta-data
158-->[androidx.lifecycle:lifecycle-process:2.6.2] AndroidManifest.xml:29:13-31:52
159                android:name="androidx.lifecycle.ProcessLifecycleInitializer"
159-->[androidx.lifecycle:lifecycle-process:2.6.2] AndroidManifest.xml:30:17-78
160                android:value="androidx.startup" />
160-->[androidx.lifecycle:lifecycle-process:2.6.2] AndroidManifest.xml:31:17-49
161            <meta-data
161-->[androidx.profileinstaller:profileinstaller:1.4.0] AndroidManifest.xml:29:13-31:52
162                android:name="androidx.profileinstaller.ProfileInstallerInitializer"
162-->[androidx.profileinstaller:profileinstaller:1.4.0] AndroidManifest.xml:30:17-85
163                android:value="androidx.startup" />
163-->[androidx.profileinstaller:profileinstaller:1.4.0] AndroidManifest.xml:31:17-49
164        </provider>
165
166        <uses-library
166-->[androidx.privacysandbox.ads:ads-adservices:1.0.0-beta05] AndroidManifest.xml:23:9-25:40
167            android:name="android.ext.adservices"
167-->[androidx.privacysandbox.ads:ads-adservices:1.0.0-beta05] AndroidManifest.xml:24:13-50
168            android:required="false" />
168-->[androidx.privacysandbox.ads:ads-adservices:1.0.0-beta05] AndroidManifest.xml:25:13-37
169
170        <service
170-->[androidx.work:work-runtime:2.7.0] AndroidManifest.xml:41:9-46:35
171            android:name="androidx.work.impl.background.systemalarm.SystemAlarmService"
171-->[androidx.work:work-runtime:2.7.0] AndroidManifest.xml:42:13-88
172            android:directBootAware="false"
172-->[androidx.work:work-runtime:2.7.0] AndroidManifest.xml:43:13-44
173            android:enabled="@bool/enable_system_alarm_service_default"
173-->[androidx.work:work-runtime:2.7.0] AndroidManifest.xml:44:13-72
174            android:exported="false" />
174-->[androidx.work:work-runtime:2.7.0] AndroidManifest.xml:45:13-37
175        <service
175-->[androidx.work:work-runtime:2.7.0] AndroidManifest.xml:47:9-53:35
176            android:name="androidx.work.impl.background.systemjob.SystemJobService"
176-->[androidx.work:work-runtime:2.7.0] AndroidManifest.xml:48:13-84
177            android:directBootAware="false"
177-->[androidx.work:work-runtime:2.7.0] AndroidManifest.xml:49:13-44
178            android:enabled="@bool/enable_system_job_service_default"
178-->[androidx.work:work-runtime:2.7.0] AndroidManifest.xml:50:13-70
179            android:exported="true"
179-->[androidx.work:work-runtime:2.7.0] AndroidManifest.xml:51:13-36
180            android:permission="android.permission.BIND_JOB_SERVICE" />
180-->[androidx.work:work-runtime:2.7.0] AndroidManifest.xml:52:13-69
181        <service
181-->[androidx.work:work-runtime:2.7.0] AndroidManifest.xml:54:9-59:35
182            android:name="androidx.work.impl.foreground.SystemForegroundService"
182-->[androidx.work:work-runtime:2.7.0] AndroidManifest.xml:55:13-81
183            android:directBootAware="false"
183-->[androidx.work:work-runtime:2.7.0] AndroidManifest.xml:56:13-44
184            android:enabled="@bool/enable_system_foreground_service_default"
184-->[androidx.work:work-runtime:2.7.0] AndroidManifest.xml:57:13-77
185            android:exported="false" />
185-->[androidx.work:work-runtime:2.7.0] AndroidManifest.xml:58:13-37
186
187        <receiver
187-->[androidx.work:work-runtime:2.7.0] AndroidManifest.xml:61:9-66:35
188            android:name="androidx.work.impl.utils.ForceStopRunnable$BroadcastReceiver"
188-->[androidx.work:work-runtime:2.7.0] AndroidManifest.xml:62:13-88
189            android:directBootAware="false"
189-->[androidx.work:work-runtime:2.7.0] AndroidManifest.xml:63:13-44
190            android:enabled="true"
190-->[androidx.work:work-runtime:2.7.0] AndroidManifest.xml:64:13-35
191            android:exported="false" />
191-->[androidx.work:work-runtime:2.7.0] AndroidManifest.xml:65:13-37
192        <receiver
192-->[androidx.work:work-runtime:2.7.0] AndroidManifest.xml:67:9-77:20
193            android:name="androidx.work.impl.background.systemalarm.ConstraintProxy$BatteryChargingProxy"
193-->[androidx.work:work-runtime:2.7.0] AndroidManifest.xml:68:13-106
194            android:directBootAware="false"
194-->[androidx.work:work-runtime:2.7.0] AndroidManifest.xml:69:13-44
195            android:enabled="false"
195-->[androidx.work:work-runtime:2.7.0] AndroidManifest.xml:70:13-36
196            android:exported="false" >
196-->[androidx.work:work-runtime:2.7.0] AndroidManifest.xml:71:13-37
197            <intent-filter>
197-->[androidx.work:work-runtime:2.7.0] AndroidManifest.xml:73:13-76:29
198                <action android:name="android.intent.action.ACTION_POWER_CONNECTED" />
198-->[androidx.work:work-runtime:2.7.0] AndroidManifest.xml:74:17-87
198-->[androidx.work:work-runtime:2.7.0] AndroidManifest.xml:74:25-84
199                <action android:name="android.intent.action.ACTION_POWER_DISCONNECTED" />
199-->[androidx.work:work-runtime:2.7.0] AndroidManifest.xml:75:17-90
199-->[androidx.work:work-runtime:2.7.0] AndroidManifest.xml:75:25-87
200            </intent-filter>
201        </receiver>
202        <receiver
202-->[androidx.work:work-runtime:2.7.0] AndroidManifest.xml:78:9-88:20
203            android:name="androidx.work.impl.background.systemalarm.ConstraintProxy$BatteryNotLowProxy"
203-->[androidx.work:work-runtime:2.7.0] AndroidManifest.xml:79:13-104
204            android:directBootAware="false"
204-->[androidx.work:work-runtime:2.7.0] AndroidManifest.xml:80:13-44
205            android:enabled="false"
205-->[androidx.work:work-runtime:2.7.0] AndroidManifest.xml:81:13-36
206            android:exported="false" >
206-->[androidx.work:work-runtime:2.7.0] AndroidManifest.xml:82:13-37
207            <intent-filter>
207-->[androidx.work:work-runtime:2.7.0] AndroidManifest.xml:84:13-87:29
208                <action android:name="android.intent.action.BATTERY_OKAY" />
208-->[androidx.work:work-runtime:2.7.0] AndroidManifest.xml:85:17-77
208-->[androidx.work:work-runtime:2.7.0] AndroidManifest.xml:85:25-74
209                <action android:name="android.intent.action.BATTERY_LOW" />
209-->[androidx.work:work-runtime:2.7.0] AndroidManifest.xml:86:17-76
209-->[androidx.work:work-runtime:2.7.0] AndroidManifest.xml:86:25-73
210            </intent-filter>
211        </receiver>
212        <receiver
212-->[androidx.work:work-runtime:2.7.0] AndroidManifest.xml:89:9-99:20
213            android:name="androidx.work.impl.background.systemalarm.ConstraintProxy$StorageNotLowProxy"
213-->[androidx.work:work-runtime:2.7.0] AndroidManifest.xml:90:13-104
214            android:directBootAware="false"
214-->[androidx.work:work-runtime:2.7.0] AndroidManifest.xml:91:13-44
215            android:enabled="false"
215-->[androidx.work:work-runtime:2.7.0] AndroidManifest.xml:92:13-36
216            android:exported="false" >
216-->[androidx.work:work-runtime:2.7.0] AndroidManifest.xml:93:13-37
217            <intent-filter>
217-->[androidx.work:work-runtime:2.7.0] AndroidManifest.xml:95:13-98:29
218                <action android:name="android.intent.action.DEVICE_STORAGE_LOW" />
218-->[androidx.work:work-runtime:2.7.0] AndroidManifest.xml:96:17-83
218-->[androidx.work:work-runtime:2.7.0] AndroidManifest.xml:96:25-80
219                <action android:name="android.intent.action.DEVICE_STORAGE_OK" />
219-->[androidx.work:work-runtime:2.7.0] AndroidManifest.xml:97:17-82
219-->[androidx.work:work-runtime:2.7.0] AndroidManifest.xml:97:25-79
220            </intent-filter>
221        </receiver>
222        <receiver
222-->[androidx.work:work-runtime:2.7.0] AndroidManifest.xml:100:9-109:20
223            android:name="androidx.work.impl.background.systemalarm.ConstraintProxy$NetworkStateProxy"
223-->[androidx.work:work-runtime:2.7.0] AndroidManifest.xml:101:13-103
224            android:directBootAware="false"
224-->[androidx.work:work-runtime:2.7.0] AndroidManifest.xml:102:13-44
225            android:enabled="false"
225-->[androidx.work:work-runtime:2.7.0] AndroidManifest.xml:103:13-36
226            android:exported="false" >
226-->[androidx.work:work-runtime:2.7.0] AndroidManifest.xml:104:13-37
227            <intent-filter>
227-->[androidx.work:work-runtime:2.7.0] AndroidManifest.xml:106:13-108:29
228                <action android:name="android.net.conn.CONNECTIVITY_CHANGE" />
228-->[androidx.work:work-runtime:2.7.0] AndroidManifest.xml:107:17-79
228-->[androidx.work:work-runtime:2.7.0] AndroidManifest.xml:107:25-76
229            </intent-filter>
230        </receiver>
231        <receiver
231-->[androidx.work:work-runtime:2.7.0] AndroidManifest.xml:110:9-121:20
232            android:name="androidx.work.impl.background.systemalarm.RescheduleReceiver"
232-->[androidx.work:work-runtime:2.7.0] AndroidManifest.xml:111:13-88
233            android:directBootAware="false"
233-->[androidx.work:work-runtime:2.7.0] AndroidManifest.xml:112:13-44
234            android:enabled="false"
234-->[androidx.work:work-runtime:2.7.0] AndroidManifest.xml:113:13-36
235            android:exported="false" >
235-->[androidx.work:work-runtime:2.7.0] AndroidManifest.xml:114:13-37
236            <intent-filter>
236-->[androidx.work:work-runtime:2.7.0] AndroidManifest.xml:116:13-120:29
237                <action android:name="android.intent.action.BOOT_COMPLETED" />
237-->[androidx.work:work-runtime:2.7.0] AndroidManifest.xml:117:17-79
237-->[androidx.work:work-runtime:2.7.0] AndroidManifest.xml:117:25-76
238                <action android:name="android.intent.action.TIME_SET" />
238-->[androidx.work:work-runtime:2.7.0] AndroidManifest.xml:118:17-73
238-->[androidx.work:work-runtime:2.7.0] AndroidManifest.xml:118:25-70
239                <action android:name="android.intent.action.TIMEZONE_CHANGED" />
239-->[androidx.work:work-runtime:2.7.0] AndroidManifest.xml:119:17-81
239-->[androidx.work:work-runtime:2.7.0] AndroidManifest.xml:119:25-78
240            </intent-filter>
241        </receiver>
242        <receiver
242-->[androidx.work:work-runtime:2.7.0] AndroidManifest.xml:122:9-131:20
243            android:name="androidx.work.impl.background.systemalarm.ConstraintProxyUpdateReceiver"
243-->[androidx.work:work-runtime:2.7.0] AndroidManifest.xml:123:13-99
244            android:directBootAware="false"
244-->[androidx.work:work-runtime:2.7.0] AndroidManifest.xml:124:13-44
245            android:enabled="@bool/enable_system_alarm_service_default"
245-->[androidx.work:work-runtime:2.7.0] AndroidManifest.xml:125:13-72
246            android:exported="false" >
246-->[androidx.work:work-runtime:2.7.0] AndroidManifest.xml:126:13-37
247            <intent-filter>
247-->[androidx.work:work-runtime:2.7.0] AndroidManifest.xml:128:13-130:29
248                <action android:name="androidx.work.impl.background.systemalarm.UpdateProxies" />
248-->[androidx.work:work-runtime:2.7.0] AndroidManifest.xml:129:17-98
248-->[androidx.work:work-runtime:2.7.0] AndroidManifest.xml:129:25-95
249            </intent-filter>
250        </receiver>
251        <receiver
251-->[androidx.work:work-runtime:2.7.0] AndroidManifest.xml:132:9-142:20
252            android:name="androidx.work.impl.diagnostics.DiagnosticsReceiver"
252-->[androidx.work:work-runtime:2.7.0] AndroidManifest.xml:133:13-78
253            android:directBootAware="false"
253-->[androidx.work:work-runtime:2.7.0] AndroidManifest.xml:134:13-44
254            android:enabled="true"
254-->[androidx.work:work-runtime:2.7.0] AndroidManifest.xml:135:13-35
255            android:exported="true"
255-->[androidx.work:work-runtime:2.7.0] AndroidManifest.xml:136:13-36
256            android:permission="android.permission.DUMP" >
256-->[androidx.work:work-runtime:2.7.0] AndroidManifest.xml:137:13-57
257            <intent-filter>
257-->[androidx.work:work-runtime:2.7.0] AndroidManifest.xml:139:13-141:29
258                <action android:name="androidx.work.diagnostics.REQUEST_DIAGNOSTICS" />
258-->[androidx.work:work-runtime:2.7.0] AndroidManifest.xml:140:17-88
258-->[androidx.work:work-runtime:2.7.0] AndroidManifest.xml:140:25-85
259            </intent-filter>
260        </receiver>
261        <receiver
261-->[androidx.profileinstaller:profileinstaller:1.4.0] AndroidManifest.xml:34:9-52:20
262            android:name="androidx.profileinstaller.ProfileInstallReceiver"
262-->[androidx.profileinstaller:profileinstaller:1.4.0] AndroidManifest.xml:35:13-76
263            android:directBootAware="false"
263-->[androidx.profileinstaller:profileinstaller:1.4.0] AndroidManifest.xml:36:13-44
264            android:enabled="true"
264-->[androidx.profileinstaller:profileinstaller:1.4.0] AndroidManifest.xml:37:13-35
265            android:exported="true"
265-->[androidx.profileinstaller:profileinstaller:1.4.0] AndroidManifest.xml:38:13-36
266            android:permission="android.permission.DUMP" >
266-->[androidx.profileinstaller:profileinstaller:1.4.0] AndroidManifest.xml:39:13-57
267            <intent-filter>
267-->[androidx.profileinstaller:profileinstaller:1.4.0] AndroidManifest.xml:40:13-42:29
268                <action android:name="androidx.profileinstaller.action.INSTALL_PROFILE" />
268-->[androidx.profileinstaller:profileinstaller:1.4.0] AndroidManifest.xml:41:17-91
268-->[androidx.profileinstaller:profileinstaller:1.4.0] AndroidManifest.xml:41:25-88
269            </intent-filter>
270            <intent-filter>
270-->[androidx.profileinstaller:profileinstaller:1.4.0] AndroidManifest.xml:43:13-45:29
271                <action android:name="androidx.profileinstaller.action.SKIP_FILE" />
271-->[androidx.profileinstaller:profileinstaller:1.4.0] AndroidManifest.xml:44:17-85